p1.txt:

integer -> (-1, -1)
identifier -> (17, 0)
integer -> (-1, -1)
identifier -> (18, 0)
integer -> (-1, -1)
identifier -> (19, 0)
read -> (-1, -1)
( -> (-1, -1)
identifier -> (17, 0)
) -> (-1, -1)
read -> (-1, -1)
( -> (-1, -1)
identifier -> (18, 0)
) -> (-1, -1)
read -> (-1, -1)
( -> (-1, -1)
identifier -> (19, 0)
) -> (-1, -1)
integer -> (-1, -1)
identifier -> (6, 0)
if -> (-1, -1)
( -> (-1, -1)
identifier -> (17, 0)
> -> (-1, -1)
identifier -> (18, 0)
) -> (-1, -1)
identifier -> (6, 0)
= -> (-1, -1)
identifier -> (17, 0)
else -> (-1, -1)
identifier -> (6, 0)
= -> (-1, -1)
identifier -> (18, 0)
if -> (-1, -1)
( -> (-1, -1)
identifier -> (19, 0)
> -> (-1, -1)
identifier -> (18, 0)
) -> (-1, -1)
identifier -> (6, 0)
= -> (-1, -1)
identifier -> (19, 0)
write -> (-1, -1)
( -> (-1, -1)
identifier -> (6, 0)
) -> (-1, -1)
p2.txt:

integer -> (-1, -1)
identifier -> (17, 0)
boolean -> (-1, -1)
identifier -> (14, 0)
= -> (-1, -1)
int const -> (0, 0)
read -> (-1, -1)
( -> (-1, -1)
identifier -> (17, 0)
) -> (-1, -1)
if -> (-1, -1)
( -> (-1, -1)
identifier -> (17, 0)
< -> (-1, -1)
int const -> (2, 0)
) -> (-1, -1)
{ -> (-1, -1)
identifier -> (14, 0)
= -> (-1, -1)
int const -> (1, 0)
write -> (-1, -1)
( -> (-1, -1)
str const -> (9, 0)
) -> (-1, -1)
} -> (-1, -1)
elseif -> (-1, -1)
( -> (-1, -1)
identifier -> (17, 0)
= -> (-1, -1)
= -> (-1, -1)
int const -> (2, 0)
) -> (-1, -1)
{ -> (-1, -1)
identifier -> (14, 0)
= -> (-1, -1)
int const -> (1, 0)
write -> (-1, -1)
( -> (-1, -1)
str const -> (0, 1)
) -> (-1, -1)
} -> (-1, -1)
else -> (-1, -1)
for -> (-1, -1)
( -> (-1, -1)
integer -> (-1, -1)
identifier -> (5, 0)
= -> (-1, -1)
int const -> (2, 0)
; -> (-1, -1)
identifier -> (5, 0)
< -> (-1, -1)
= -> (-1, -1)
identifier -> (17, 0)
/ -> (-1, -1)
int const -> (2, 0)
; -> (-1, -1)
identifier -> (5, 0)
+ -> (-1, -1)
+ -> (-1, -1)
) -> (-1, -1)
if -> (-1, -1)
( -> (-1, -1)
identifier -> (17, 0)
% -> (-1, -1)
identifier -> (5, 0)
= -> (-1, -1)
= -> (-1, -1)
int const -> (0, 0)
) -> (-1, -1)
{ -> (-1, -1)
identifier -> (14, 0)
= -> (-1, -1)
int const -> (1, 0)
write -> (-1, -1)
( -> (-1, -1)
str const -> (9, 0)
) -> (-1, -1)
break -> (-1, -1)
} -> (-1, -1)
if -> (-1, -1)
( -> (-1, -1)
identifier -> (14, 0)
= -> (-1, -1)
= -> (-1, -1)
int const -> (0, 0)
) -> (-1, -1)
write -> (-1, -1)
( -> (-1, -1)
str const -> (0, 1)
) -> (-1, -1)
p3.txt:

integer -> (-1, -1)
identifier -> (10, 0)
integer -> (-1, -1)
identifier -> (1, 0)
vector -> (-1, -1)
identifier -> (18, 0)
= -> (-1, -1)
[ -> (-1, -1)
] -> (-1, -1)
read -> (-1, -1)
( -> (-1, -1)
identifier -> (10, 0)
) -> (-1, -1)
for -> (-1, -1)
( -> (-1, -1)
integer -> (-1, -1)
identifier -> (5, 0)
= -> (-1, -1)
int const -> (1, 0)
; -> (-1, -1)
identifier -> (5, 0)
< -> (-1, -1)
= -> (-1, -1)
identifier -> (10, 0)
; -> (-1, -1)
identifier -> (5, 0)
+ -> (-1, -1)
+ -> (-1, -1)
) -> (-1, -1)
{ -> (-1, -1)
read -> (-1, -1)
( -> (-1, -1)
identifier -> (18, 0)
[ -> (-1, -1)
identifier -> (5, 0)
] -> (-1, -1)
) -> (-1, -1)
identifier -> (1, 0)
= -> (-1, -1)
identifier -> (1, 0)
+ -> (-1, -1)
identifier -> (18, 0)
[ -> (-1, -1)
identifier -> (5, 0)
] -> (-1, -1)
} -> (-1, -1)
write -> (-1, -1)
( -> (-1, -1)
identifier -> (1, 0)
) -> (-1, -1)
